<?xml version="1.0" encoding="utf-8"?><testsuites name="pytest tests"><testsuite name="pytest" errors="0" failures="0" skipped="0" tests="6" time="0.576" timestamp="2026-04-01T20:37:41.713335+00:00" hostname="agent-env-05e71150-e8ce-4b77-a854-80030459ae3b"><testcase classname="tests.test_iteration_42_rbac.TestAPIEndpointsPublic" name="test_login_page_accessible" time="0.302" /><testcase classname="tests.test_iteration_42_rbac.TestAPIEndpointsPublic" name="test_expirations_api_requires_auth" time="0.207" /><testcase classname="tests.test_iteration_42_rbac.TestRBACVerification" name="test_rbac_admin_pluxee_users_documented" time="0.000" /><testcase classname="tests.test_iteration_42_rbac.TestRBACVerification" name="test_rbac_superadmin_users_documented" time="0.000" /><testcase classname="tests.test_iteration_42_rbac.TestRBACVerification" name="test_rbac_collaborateur_403_documented" time="0.000" /><testcase classname="tests.test_iteration_42_rbac.TestRBACVerification" name="test_rbac_admin_pluxee_pages_documented" time="0.000" /></testsuite></testsuites>