<?xml version="1.0" encoding="utf-8"?><testsuites name="pytest tests"><testsuite name="pytest" errors="0" failures="0" skipped="0" tests="9" time="165.930" timestamp="2026-03-31T10:39:09.610141+00:00" hostname="agent-env-05e71150-e8ce-4b77-a854-80030459ae3b"><testcase classname="backend.tests.test_pluxee_dashboard.TestPluxeeDashboardKPIs" name="test_pluxee_ramadan_dashboard_returns_nonzero_kpis" time="40.279" /><testcase classname="backend.tests.test_pluxee_dashboard.TestPluxeeDashboardKPIs" name="test_pluxee_ete_dashboard_returns_different_data" time="63.521" /><testcase classname="backend.tests.test_pluxee_dashboard.TestPluxeeDashboardKPIs" name="test_sofrecom_dashboard_regression_check" time="24.655" /><testcase classname="backend.tests.test_pluxee_dashboard.TestPluxeeUserAccess" name="test_pluxee_user_sees_only_their_campaign" time="19.005" /><testcase classname="backend.tests.test_pluxee_dashboard.TestPluxeeAdminEndpoints" name="test_get_pluxee_campaigns" time="5.394" /><testcase classname="backend.tests.test_pluxee_dashboard.TestPluxeeAdminEndpoints" name="test_list_pluxee_users" time="1.753" /><testcase classname="backend.tests.test_pluxee_dashboard.TestPluxeeAdminEndpoints" name="test_create_pluxee_user" time="5.975" /><testcase classname="backend.tests.test_pluxee_dashboard.TestSubStoresPageLoad" name="test_substores_page_loads_for_admin" time="1.777" /><testcase classname="backend.tests.test_pluxee_dashboard.TestSubStoresPageLoad" name="test_substores_page_loads_for_pluxee_user" time="3.440" /></testsuite></testsuites>