<?xml version="1.0" encoding="utf-8"?><testsuites name="pytest tests"><testsuite name="pytest" errors="0" failures="0" skipped="0" tests="18" time="16.762" timestamp="2026-03-31T11:38:37.272367+00:00" hostname="agent-env-05e71150-e8ce-4b77-a854-80030459ae3b"><testcase classname="backend.tests.test_merchant_recommendations.TestMerchantRecommendationsHealth" name="test_health_endpoint_returns_200" time="0.135" /><testcase classname="backend.tests.test_merchant_recommendations.TestMerchantRecommendationsHealth" name="test_health_returns_model_status" time="0.100" /><testcase classname="backend.tests.test_merchant_recommendations.TestMerchantRecommendationsHealth" name="test_health_returns_training_metrics" time="0.106" /><testcase classname="backend.tests.test_merchant_recommendations.TestMerchantRecommendations" name="test_recommendations_requires_client_id" time="0.240" /><testcase classname="backend.tests.test_merchant_recommendations.TestMerchantRecommendations" name="test_recommendations_for_known_user" time="3.146" /><testcase classname="backend.tests.test_merchant_recommendations.TestMerchantRecommendations" name="test_cold_start_fallback_for_unknown_user" time="0.847" /><testcase classname="backend.tests.test_merchant_recommendations.TestMerchantRecommendations" name="test_exclude_visited_merchants" time="3.635" /><testcase classname="backend.tests.test_merchant_recommendations.TestMerchantRecommendations" name="test_category_filter" time="1.416" /><testcase classname="backend.tests.test_merchant_recommendations.TestTrackInteraction" name="test_track_requires_client_and_partner" time="0.105" /><testcase classname="backend.tests.test_merchant_recommendations.TestTrackInteraction" name="test_track_validates_interaction_type" time="0.109" /><testcase classname="backend.tests.test_merchant_recommendations.TestTrackInteraction" name="test_track_click_interaction" time="0.949" /><testcase classname="backend.tests.test_merchant_recommendations.TestTrackInteraction" name="test_track_redeem_interaction" time="0.954" /><testcase classname="backend.tests.test_merchant_recommendations.TestRecommendationStats" name="test_stats_returns_200" time="1.165" /><testcase classname="backend.tests.test_merchant_recommendations.TestRecommendationStats" name="test_stats_returns_metrics" time="1.203" /><testcase classname="backend.tests.test_merchant_recommendations.TestRetrain" name="test_retrain_endpoint_works" time="0.121" /><testcase classname="backend.tests.test_merchant_recommendations.TestSubStoreMerchantsRegression" name="test_split_merchants_endpoint_requires_auth" time="0.108" /><testcase classname="backend.tests.test_merchant_recommendations.TestDatabaseTables" name="test_merchants_catalog_has_data" time="1.161" /><testcase classname="backend.tests.test_merchant_recommendations.TestDatabaseTables" name="test_user_profiles_has_data" time="1.163" /></testsuite></testsuites>