<?xml version="1.0" encoding="utf-8"?><testsuites name="pytest tests"><testsuite name="pytest" errors="0" failures="0" skipped="0" tests="12" time="108.310" timestamp="2026-03-31T12:56:05.284989+00:00" hostname="agent-env-05e71150-e8ce-4b77-a854-80030459ae3b"><testcase classname="backend.tests.test_substore_merchants.TestSubStoreMerchantKPIs" name="test_merchants_endpoint_returns_8_kpis" time="7.782" /><testcase classname="backend.tests.test_substore_merchants.TestSubStoreMerchantKPIs" name="test_total_partners_value" time="7.578" /><testcase classname="backend.tests.test_substore_merchants.TestSubStoreMerchantKPIs" name="test_active_merchants_positive" time="7.648" /><testcase classname="backend.tests.test_substore_merchants.TestSubStoreMerchantKPIs" name="test_total_transactions_positive" time="7.625" /><testcase classname="backend.tests.test_substore_merchants.TestSubStoreMerchantKPIs" name="test_top_merchant_share_has_merchant_name" time="7.614" /><testcase classname="backend.tests.test_substore_merchants.TestSubStoreMerchantKPIs" name="test_diversity_has_level_and_score" time="7.692" /><testcase classname="backend.tests.test_substore_merchants.TestSubStoreMerchantKPIs" name="test_merchants_array_has_required_fields" time="7.574" /><testcase classname="backend.tests.test_substore_merchants.TestSubStoresCampaigns" name="test_substores_endpoint_has_campaigns" time="8.329" /><testcase classname="backend.tests.test_substore_merchants.TestSubStoresCampaigns" name="test_pluxee_campaigns_structure" time="7.943" /><testcase classname="backend.tests.test_substore_merchants.TestRedisCachePerformance" name="test_cache_performance" time="9.765" /><testcase classname="backend.tests.test_substore_merchants.TestRegressionKPIs" name="test_kpis_endpoint_works" time="19.478" /><testcase classname="backend.tests.test_substore_merchants.TestRegressionKPIs" name="test_stores_endpoint_works" time="9.190" /></testsuite></testsuites>