<?xml version="1.0" encoding="utf-8"?><testsuites name="pytest tests"><testsuite name="pytest" errors="0" failures="0" skipped="0" tests="28" time="5.689" timestamp="2026-03-31T23:37:10.074254+00:00" hostname="agent-env-05e71150-e8ce-4b77-a854-80030459ae3b"><testcase classname="backend.tests.test_iteration_28_permissions_page.TestPHPFileSyntax" name="test_user_management_controller_braces" time="0.005" /><testcase classname="backend.tests.test_iteration_28_permissions_page.TestPHPFileSyntax" name="test_web_routes_braces" time="0.005" /><testcase classname="backend.tests.test_iteration_28_permissions_page.TestPHPFileSyntax" name="test_permissions_blade_braces" time="0.005" /><testcase classname="backend.tests.test_iteration_28_permissions_page.TestPHPFileSyntax" name="test_user_model_braces" time="0.004" /><testcase classname="backend.tests.test_iteration_28_permissions_page.TestNewRoutes" name="test_permissions_route_exists" time="0.000" /><testcase classname="backend.tests.test_iteration_28_permissions_page.TestNewRoutes" name="test_campaign_access_route_exists" time="0.000" /><testcase classname="backend.tests.test_iteration_28_permissions_page.TestNewRoutes" name="test_available_campaigns_route_exists" time="0.000" /><testcase classname="backend.tests.test_iteration_28_permissions_page.TestControllerMethods" name="test_permissions_method_exists" time="0.003" /><testcase classname="backend.tests.test_iteration_28_permissions_page.TestControllerMethods" name="test_update_campaign_access_method_exists" time="0.003" /><testcase classname="backend.tests.test_iteration_28_permissions_page.TestControllerMethods" name="test_get_available_campaigns_method_exists" time="0.002" /><testcase classname="backend.tests.test_iteration_28_permissions_page.TestPermissionsBladeTemplate" name="test_kpi_grid_exists" time="0.000" /><testcase classname="backend.tests.test_iteration_28_permissions_page.TestPermissionsBladeTemplate" name="test_search_filter_exists" time="0.000" /><testcase classname="backend.tests.test_iteration_28_permissions_page.TestPermissionsBladeTemplate" name="test_users_table_exists" time="0.000" /><testcase classname="backend.tests.test_iteration_28_permissions_page.TestPermissionsBladeTemplate" name="test_edit_modal_exists" time="0.000" /><testcase classname="backend.tests.test_iteration_28_permissions_page.TestPermissionsBladeTemplate" name="test_campaign_checkboxes_exist" time="0.000" /><testcase classname="backend.tests.test_iteration_28_permissions_page.TestPermissionsBladeTemplate" name="test_save_buttons_exist" time="0.000" /><testcase classname="backend.tests.test_iteration_28_permissions_page.TestPermissionsBladeTemplate" name="test_toast_notification_exists" time="0.000" /><testcase classname="backend.tests.test_iteration_28_permissions_page.TestUserModelMethods" name="test_get_allowed_campaigns_method_exists" time="0.003" /><testcase classname="backend.tests.test_iteration_28_permissions_page.TestUserModelMethods" name="test_has_campaign_restriction_method_exists" time="0.002" /><testcase classname="backend.tests.test_iteration_28_permissions_page.TestUserModelMethods" name="test_can_invite_collaborators_method_exists" time="0.002" /><testcase classname="backend.tests.test_iteration_28_permissions_page.TestIndexBladeLink" name="test_permissions_link_exists" time="0.000" /><testcase classname="backend.tests.test_iteration_28_permissions_page.TestFastAPIRegression" name="test_health_endpoint" time="0.279" /><testcase classname="backend.tests.test_iteration_28_permissions_page.TestFastAPIRegression" name="test_intelligence_digest_endpoint" time="1.777" /><testcase classname="backend.tests.test_iteration_28_permissions_page.TestFastAPIRegression" name="test_ml_recommendations_endpoint" time="2.543" /><testcase classname="backend.tests.test_iteration_28_permissions_page.TestFastAPIRegression" name="test_ab_test_results_endpoint" time="0.955" /><testcase classname="backend.tests.test_iteration_28_permissions_page.TestControllerLogic" name="test_permissions_method_returns_view" time="0.000" /><testcase classname="backend.tests.test_iteration_28_permissions_page.TestControllerLogic" name="test_update_campaign_access_handles_empty_campaigns" time="0.000" /><testcase classname="backend.tests.test_iteration_28_permissions_page.TestControllerLogic" name="test_get_available_campaigns_queries_database" time="0.000" /></testsuite></testsuites>