<?xml version="1.0" encoding="utf-8"?><testsuites name="pytest tests"><testsuite name="pytest" errors="0" failures="0" skipped="0" tests="10" time="66.625" timestamp="2026-03-31T21:59:27.269234+00:00" hostname="agent-env-05e71150-e8ce-4b77-a854-80030459ae3b"><testcase classname="backend.tests.test_iteration_26_digital_scoring.TestDigitalScoringBatch" name="test_digital_scores_batch_limit_10" time="9.362" /><testcase classname="backend.tests.test_iteration_26_digital_scoring.TestDigitalScoringSingle" name="test_digital_score_traveltodo" time="1.966" /><testcase classname="backend.tests.test_iteration_26_digital_scoring.TestDigitalScoringSingle" name="test_digital_score_invalid_partner" time="1.088" /><testcase classname="backend.tests.test_iteration_26_digital_scoring.TestDigitalAudit" name="test_digital_audit_traveltodo" time="14.567" /><testcase classname="backend.tests.test_iteration_26_digital_scoring.TestDigitalScoresHTML" name="test_digital_scores_html_dashboard" time="10.019" /><testcase classname="backend.tests.test_iteration_26_digital_scoring.TestRegressionEndpoints" name="test_health_endpoint" time="0.195" /><testcase classname="backend.tests.test_iteration_26_digital_scoring.TestRegressionEndpoints" name="test_intelligence_digest" time="2.567" /><testcase classname="backend.tests.test_iteration_26_digital_scoring.TestRegressionEndpoints" name="test_ab_test_results" time="0.970" /><testcase classname="backend.tests.test_iteration_26_digital_scoring.TestRegressionEndpoints" name="test_weekly_email_preview" time="23.430" /><testcase classname="backend.tests.test_iteration_26_digital_scoring.TestRegressionEndpoints" name="test_ml_recommendations" time="2.399" /></testsuite></testsuites>