<?xml version="1.0" encoding="utf-8"?><testsuites name="pytest tests"><testsuite name="pytest" errors="0" failures="3" skipped="0" tests="23" time="127.839" timestamp="2026-03-31T08:42:48.066767+00:00" hostname="agent-env-05e71150-e8ce-4b77-a854-80030459ae3b"><testcase classname="backend.tests.test_reporting_v2.TestSixReportTypes" name="test_create_ceo_recipient" time="1.750" /><testcase classname="backend.tests.test_reporting_v2.TestSixReportTypes" name="test_create_marketing_recipient" time="1.606" /><testcase classname="backend.tests.test_reporting_v2.TestSixReportTypes" name="test_create_partner_recipient" time="1.829" /><testcase classname="backend.tests.test_reporting_v2.TestSixReportTypes" name="test_create_associe_recipient" time="1.612" /><testcase classname="backend.tests.test_reporting_v2.TestSixReportTypes" name="test_create_store_recipient" time="1.845" /><testcase classname="backend.tests.test_reporting_v2.TestSixReportTypes" name="test_create_substore_recipient" time="1.774" /><testcase classname="backend.tests.test_reporting_v2.TestPartnerFieldValidation" name="test_partner_without_partner_id_fails" time="0.424" /><testcase classname="backend.tests.test_reporting_v2.TestPartnerFieldValidation" name="test_store_without_partner_id_fails" time="0.087" /><testcase classname="backend.tests.test_reporting_v2.TestPartnerFieldValidation" name="test_substore_without_partner_id_fails" time="0.076" /><testcase classname="backend.tests.test_reporting_v2.TestPartnerFieldValidation" name="test_ceo_without_partner_id_succeeds" time="1.624" /><testcase classname="backend.tests.test_reporting_v2.TestPartnerFieldValidation" name="test_associe_without_partner_id_succeeds" time="1.570" /><testcase classname="backend.tests.test_reporting_v2.TestReportPreview" name="test_preview_ceo_report" time="19.860" /><testcase classname="backend.tests.test_reporting_v2.TestReportPreview" name="test_preview_marketing_report" time="11.030" /><testcase classname="backend.tests.test_reporting_v2.TestReportPreview" name="test_preview_associe_report" time="19.077" /><testcase classname="backend.tests.test_reporting_v2.TestReportPreview" name="test_preview_store_report" time="13.209" /><testcase classname="backend.tests.test_reporting_v2.TestMLDashboard" name="test_ml_insights_endpoint" time="0.058"><failure message="AssertionError: Expected 200, got 401. Response: {&quot;message&quot;:&quot;Unauthenticated.&quot;}&#10;assert 401 == 200&#10; +  where 401 = &lt;Response [401]&gt;.status_code">backend/tests/test_reporting_v2.py:382: in test_ml_insights_endpoint
    assert response.status_code == 200, f"Expected 200, got {response.status_code}. Response: {response.text}"
E   AssertionError: Expected 200, got 401. Response: {"message":"Unauthenticated."}
E   assert 401 == 200
E    +  where 401 = &lt;Response [401]&gt;.status_code</failure></testcase><testcase classname="backend.tests.test_reporting_v2.TestMLDashboard" name="test_ml_latest_report_endpoint" time="0.056"><failure message="AssertionError: Expected 200, got 401&#10;assert 401 == 200&#10; +  where 401 = &lt;Response [401]&gt;.status_code">backend/tests/test_reporting_v2.py:396: in test_ml_latest_report_endpoint
    assert response.status_code == 200, f"Expected 200, got {response.status_code}"
E   AssertionError: Expected 200, got 401
E   assert 401 == 200
E    +  where 401 = &lt;Response [401]&gt;.status_code</failure></testcase><testcase classname="backend.tests.test_reporting_v2.TestMLDashboard" name="test_ml_task_status_endpoint" time="0.053"><failure message="AssertionError: Expected 200, got 401&#10;assert 401 == 200&#10; +  where 401 = &lt;Response [401]&gt;.status_code">backend/tests/test_reporting_v2.py:411: in test_ml_task_status_endpoint
    assert response.status_code == 200, f"Expected 200, got {response.status_code}"
E   AssertionError: Expected 200, got 401
E   assert 401 == 200
E    +  where 401 = &lt;Response [401]&gt;.status_code</failure></testcase><testcase classname="backend.tests.test_reporting_v2.TestAISuggestions" name="test_ai_suggestions_ceo_report" time="8.958" /><testcase classname="backend.tests.test_reporting_v2.TestAISuggestions" name="test_ai_suggestions_marketing_report" time="5.523" /><testcase classname="backend.tests.test_reporting_v2.TestRecipientCRUD" name="test_toggle_recipient_status" time="5.143" /><testcase classname="backend.tests.test_reporting_v2.TestRecipientCRUD" name="test_update_recipient" time="3.514" /><testcase classname="backend.tests.test_reporting_v2.TestRecipientCRUD" name="test_delete_recipient" time="27.029" /></testsuite></testsuites>