<?xml version="1.0" encoding="utf-8"?><testsuites name="pytest tests"><testsuite name="pytest" errors="0" failures="0" skipped="0" tests="17" time="26.148" timestamp="2026-03-31T19:54:54.691915+00:00" hostname="agent-env-05e71150-e8ce-4b77-a854-80030459ae3b"><testcase classname="backend.tests.test_aws_personalize_features.TestRecommendationType" name="test_recommendation_type_present_client_118580" time="2.725" /><testcase classname="backend.tests.test_aws_personalize_features.TestRecommendationType" name="test_exclude_visited_returns_discovery_or_trending_only" time="1.554" /><testcase classname="backend.tests.test_aws_personalize_features.TestRecommendationType" name="test_cold_start_returns_trending_or_discovery" time="0.846" /><testcase classname="backend.tests.test_aws_personalize_features.TestBecauseYouVisited" name="test_because_you_visited_present_client_118580" time="1.635" /><testcase classname="backend.tests.test_aws_personalize_features.TestBecauseYouVisited" name="test_cold_start_empty_because_you_visited" time="0.922" /><testcase classname="backend.tests.test_aws_personalize_features.TestSimilarUsersCount" name="test_similar_users_count_present_client_118580" time="1.616" /><testcase classname="backend.tests.test_aws_personalize_features.TestUserContext" name="test_user_context_client_130212" time="1.630" /><testcase classname="backend.tests.test_aws_personalize_features.TestExplanationModelType" name="test_explanation_contains_model_type_lightgbm" time="1.591" /><testcase classname="backend.tests.test_aws_personalize_features.TestExplanationModelType" name="test_explanation_contains_exploration_weight" time="1.577" /><testcase classname="backend.tests.test_aws_personalize_features.TestHTMLExplainEndpoint" name="test_explain_returns_html_status_200" time="1.572" /><testcase classname="backend.tests.test_aws_personalize_features.TestHTMLExplainEndpoint" name="test_explain_html_contains_rapport_recommandations" time="1.665" /><testcase classname="backend.tests.test_aws_personalize_features.TestHTMLExplainEndpoint" name="test_explain_html_contains_profil_client" time="1.571" /><testcase classname="backend.tests.test_aws_personalize_features.TestHTMLExplainEndpoint" name="test_explain_html_contains_type_badges" time="1.591" /><testcase classname="backend.tests.test_aws_personalize_features.TestHTMLExplainEndpoint" name="test_explain_exclude_visited_discovery_cards" time="1.544" /><testcase classname="backend.tests.test_aws_personalize_features.TestHTMLExplainEndpoint" name="test_explain_cold_start_fallback" time="0.855" /><testcase classname="backend.tests.test_aws_personalize_features.TestExplainHTMLContent" name="test_explain_html_contains_model_info" time="1.586" /><testcase classname="backend.tests.test_aws_personalize_features.TestExplainHTMLContent" name="test_explain_html_contains_score_info" time="1.592" /></testsuite></testsuites>