<?xml version="1.0" encoding="utf-8"?><testsuites name="pytest tests"><testsuite name="pytest" errors="0" failures="0" skipped="0" tests="9" time="66.515" timestamp="2026-03-31T11:13:51.173313+00:00" hostname="agent-env-05e71150-e8ce-4b77-a854-80030459ae3b"><testcase classname="backend.tests.test_split_endpoints.TestSplitEndpoints" name="test_kpis_split_sofrecom" time="15.515" /><testcase classname="backend.tests.test_split_endpoints.TestSplitEndpoints" name="test_kpis_split_all" time="12.820" /><testcase classname="backend.tests.test_split_endpoints.TestSplitEndpoints" name="test_stores_split_sofrecom" time="2.547" /><testcase classname="backend.tests.test_split_endpoints.TestSplitEndpoints" name="test_charts_split_sofrecom" time="2.738" /><testcase classname="backend.tests.test_split_endpoints.TestSplitEndpoints" name="test_merchants_split_sofrecom" time="3.510" /><testcase classname="backend.tests.test_split_endpoints.TestSplitEndpoints" name="test_users_split_sofrecom" time="9.352" /><testcase classname="backend.tests.test_split_endpoints.TestSplitEndpoints" name="test_sub_stores_list" time="1.880" /><testcase classname="backend.tests.test_split_endpoints.TestSplitEndpoints" name="test_pluxee_campaigns" time="2.644" /><testcase classname="backend.tests.test_split_endpoints.TestRegressionNonPluxee" name="test_sofrecom_kpis_non_zero" time="15.370" /></testsuite></testsuites>