<?xml version="1.0" encoding="utf-8"?><testsuites name="pytest tests"><testsuite name="pytest" errors="0" failures="0" skipped="0" tests="23" time="169.563" timestamp="2026-03-31T21:38:15.360832+00:00" hostname="agent-env-05e71150-e8ce-4b77-a854-80030459ae3b"><testcase classname="backend.tests.test_iteration_25.TestTimelineEndpoint" name="test_timeline_30_days" time="1.414" /><testcase classname="backend.tests.test_iteration_25.TestTimelineEndpoint" name="test_timeline_60_days" time="1.073" /><testcase classname="backend.tests.test_iteration_25.TestTimelineEndpoint" name="test_timeline_90_days" time="1.063" /><testcase classname="backend.tests.test_iteration_25.TestTimelineEndpoint" name="test_timeline_default_30_days" time="1.071" /><testcase classname="backend.tests.test_iteration_25.TestTimelineEndpoint" name="test_timeline_invalid_days_defaults_to_30" time="1.113" /><testcase classname="backend.tests.test_iteration_25.TestTimelineEndpoint" name="test_timeline_source_breakdown_structure" time="1.134" /><testcase classname="backend.tests.test_iteration_25.TestABTestFramework" name="test_ab_test_results_endpoint" time="1.000" /><testcase classname="backend.tests.test_iteration_25.TestABTestFramework" name="test_ab_test_ml_group_client" time="3.395" /><testcase classname="backend.tests.test_iteration_25.TestABTestFramework" name="test_ab_test_popularity_group_client" time="1.771" /><testcase classname="backend.tests.test_iteration_25.TestABTestFramework" name="test_ab_test_deterministic_assignment" time="5.002" /><testcase classname="backend.tests.test_iteration_25.TestABTestFramework" name="test_ab_test_response_includes_ab_group" time="2.547" /><testcase classname="backend.tests.test_iteration_25.TestABTestFramework" name="test_ab_test_tracking_impressions" time="2.731" /><testcase classname="backend.tests.test_iteration_25.TestWeeklyEmailPreview" name="test_weekly_email_preview_returns_html" time="29.679" /><testcase classname="backend.tests.test_iteration_25.TestWeeklyEmailPreview" name="test_weekly_email_preview_contains_kpi_cards" time="29.489" /><testcase classname="backend.tests.test_iteration_25.TestWeeklyEmailPreview" name="test_weekly_email_preview_contains_executive_summary" time="27.982" /><testcase classname="backend.tests.test_iteration_25.TestWeeklyEmailPreview" name="test_weekly_email_preview_contains_actions" time="24.823" /><testcase classname="backend.tests.test_iteration_25.TestWeeklyEmailPreview" name="test_weekly_email_preview_contains_top_performers" time="26.939" /><testcase classname="backend.tests.test_iteration_25.TestRegressionEndpoints" name="test_widget_still_works" time="1.810" /><testcase classname="backend.tests.test_iteration_25.TestRegressionEndpoints" name="test_intelligence_digest_still_works" time="1.616" /><testcase classname="backend.tests.test_iteration_25.TestRegressionEndpoints" name="test_ml_recommendations_still_works" time="1.574" /><testcase classname="backend.tests.test_iteration_25.TestRegressionEndpoints" name="test_health_still_works" time="0.139" /><testcase classname="backend.tests.test_iteration_25.TestRegressionEndpoints" name="test_stats_still_works" time="1.208" /><testcase classname="backend.tests.test_iteration_25.TestRegressionEndpoints" name="test_categories_still_works" time="0.872" /></testsuite></testsuites>