<?xml version="1.0" encoding="utf-8"?><testsuites name="pytest tests"><testsuite name="pytest" errors="0" failures="0" skipped="0" tests="20" time="79.335" timestamp="2026-03-28T20:11:59.397233+00:00" hostname="agent-env-05e71150-e8ce-4b77-a854-80030459ae3b"><testcase classname="backend.tests.test_reporting_api.TestGetRecipients" name="test_get_recipients_returns_200" time="2.330" /><testcase classname="backend.tests.test_reporting_api.TestCreateRecipient" name="test_create_ceo_recipient" time="2.310" /><testcase classname="backend.tests.test_reporting_api.TestCreateRecipient" name="test_create_marketing_recipient" time="2.303" /><testcase classname="backend.tests.test_reporting_api.TestCreateRecipient" name="test_create_partner_recipient_with_partner_id" time="2.540" /><testcase classname="backend.tests.test_reporting_api.TestCreateRecipient" name="test_create_partner_without_partner_id_fails" time="0.820" /><testcase classname="backend.tests.test_reporting_api.TestCreateRecipient" name="test_create_duplicate_recipient_fails" time="4.386" /><testcase classname="backend.tests.test_reporting_api.TestCreateRecipient" name="test_create_recipient_invalid_email_fails" time="0.812" /><testcase classname="backend.tests.test_reporting_api.TestCreateRecipient" name="test_create_recipient_invalid_type_fails" time="0.834" /><testcase classname="backend.tests.test_reporting_api.TestUpdateRecipient" name="test_update_recipient_name" time="7.335" /><testcase classname="backend.tests.test_reporting_api.TestUpdateRecipient" name="test_update_nonexistent_recipient_fails" time="2.089" /><testcase classname="backend.tests.test_reporting_api.TestDeleteRecipient" name="test_delete_recipient" time="7.114" /><testcase classname="backend.tests.test_reporting_api.TestDeleteRecipient" name="test_delete_nonexistent_recipient_fails" time="2.094" /><testcase classname="backend.tests.test_reporting_api.TestToggleRecipient" name="test_toggle_recipient_status" time="7.376" /><testcase classname="backend.tests.test_reporting_api.TestGetLogs" name="test_get_logs_returns_200" time="2.095" /><testcase classname="backend.tests.test_reporting_api.TestGetPartners" name="test_get_partners_returns_200" time="2.103" /><testcase classname="backend.tests.test_reporting_api.TestGetPartners" name="test_search_partners_with_query" time="2.084" /><testcase classname="backend.tests.test_reporting_api.TestGetSchedule" name="test_get_schedule_returns_200" time="2.288" /><testcase classname="backend.tests.test_reporting_api.TestAISuggestions" name="test_ai_suggestions_returns_200" time="7.026" /><testcase classname="backend.tests.test_reporting_api.TestAISuggestions" name="test_ai_suggestions_empty_prompt" time="0.045" /><testcase classname="backend.tests.test_reporting_api.TestRGPDPartnerIsolation" name="test_partner_recipient_has_partner_id" time="21.133" /></testsuite></testsuites>