<?xml version="1.0" encoding="utf-8"?><testsuites name="pytest tests"><testsuite name="pytest" errors="0" failures="0" skipped="0" tests="18" time="62.946" timestamp="2026-03-28T09:32:29.515706+00:00" hostname="agent-env-05e71150-e8ce-4b77-a854-80030459ae3b"><testcase classname="backend.tests.test_p3_p4_features.TestP3MonitoringHealth" name="test_health_endpoint_returns_json" time="5.144" /><testcase classname="backend.tests.test_p3_p4_features.TestP3MonitoringHealth" name="test_health_check_database_status" time="5.047" /><testcase classname="backend.tests.test_p3_p4_features.TestP3MonitoringHealth" name="test_health_check_redis_status" time="5.068" /><testcase classname="backend.tests.test_p3_p4_features.TestP3MonitoringAlerts" name="test_get_alerts_returns_array_and_stats" time="1.099" /><testcase classname="backend.tests.test_p3_p4_features.TestP3MonitoringAlerts" name="test_get_alerts_unacknowledged_filter" time="1.084" /><testcase classname="backend.tests.test_p3_p4_features.TestP3MonitoringWarmupStatus" name="test_warmup_status_returns_coverage" time="3.531" /><testcase classname="backend.tests.test_p3_p4_features.TestP3MonitoringWarmupStatus" name="test_warmup_status_details_structure" time="3.557" /><testcase classname="backend.tests.test_p3_p4_features.TestP3MonitoringAlertActions" name="test_clear_alerts" time="1.200" /><testcase classname="backend.tests.test_p3_p4_features.TestP3MonitoringAlertActions" name="test_acknowledge_all_alerts" time="1.092" /><testcase classname="backend.tests.test_p3_p4_features.TestP3MonitoringAlertActions" name="test_acknowledge_single_alert" time="8.143" /><testcase classname="backend.tests.test_p3_p4_features.TestP4SplitKPIs" name="test_split_kpis_returns_200" time="10.790" /><testcase classname="backend.tests.test_p3_p4_features.TestP4SplitSubscriptions" name="test_split_subscriptions_returns_200" time="2.742" /><testcase classname="backend.tests.test_p3_p4_features.TestP4SplitTransactions" name="test_split_transactions_returns_200" time="2.524" /><testcase classname="backend.tests.test_p3_p4_features.TestP4SplitMerchants" name="test_split_merchants_returns_200" time="2.514" /><testcase classname="backend.tests.test_p3_p4_features.TestP4SplitTimwe" name="test_split_timwe_returns_200" time="3.148" /><testcase classname="backend.tests.test_p3_p4_features.TestP4SplitOoredoo" name="test_split_ooredoo_returns_200" time="2.957" /><testcase classname="backend.tests.test_p3_p4_features.TestDashboardPage" name="test_dashboard_loads" time="1.791" /><testcase classname="backend.tests.test_p3_p4_features.TestMonitoringPage" name="test_monitoring_page_loads" time="1.320" /></testsuite></testsuites>