<?xml version="1.0" encoding="utf-8"?><testsuites name="pytest tests"><testsuite name="pytest" errors="0" failures="0" skipped="0" tests="10" time="50.391" timestamp="2026-04-01T21:09:27.854193+00:00" hostname="agent-env-05e71150-e8ce-4b77-a854-80030459ae3b"><testcase classname="backend.tests.test_iteration_43_campaign_filter.TestCollaborateurCampaignFilter" name="test_collaborateur_users_split_empty" time="10.464" /><testcase classname="backend.tests.test_iteration_43_campaign_filter.TestCollaborateurCampaignFilter" name="test_collaborateur_kpis_split" time="2.738" /><testcase classname="backend.tests.test_iteration_43_campaign_filter.TestCollaborateurCampaignFilter" name="test_collaborateur_stores_split_campaign_filter" time="2.721" /><testcase classname="backend.tests.test_iteration_43_campaign_filter.TestCollaborateurCampaignFilter" name="test_collaborateur_charts_split_filtered" time="2.729" /><testcase classname="backend.tests.test_iteration_43_campaign_filter.TestCollaborateurCampaignFilter" name="test_collaborateur_expirations_empty" time="2.509" /><testcase classname="backend.tests.test_iteration_43_campaign_filter.TestCollaborateurCampaignFilter" name="test_collaborateur_merchants_split_filtered" time="2.724" /><testcase classname="backend.tests.test_iteration_43_campaign_filter.TestAdminPluxeeFullAccess" name="test_admin_pluxee_users_split_full" time="12.634" /><testcase classname="backend.tests.test_iteration_43_campaign_filter.TestSuperAdminFullAccess" name="test_superadmin_users_split_full" time="7.736" /><testcase classname="backend.tests.test_iteration_43_campaign_filter.TestRBACPermissions" name="test_collaborateur_403_admin_users" time="1.582" /><testcase classname="backend.tests.test_iteration_43_campaign_filter.TestRBACPermissions" name="test_admin_pluxee_can_access_admin_users" time="4.468" /></testsuite></testsuites>