<?xml version="1.0" encoding="utf-8"?><testsuites name="pytest tests"><testsuite name="pytest" errors="0" failures="2" skipped="0" tests="10" time="88.649" timestamp="2026-04-01T21:24:53.455675+00:00" hostname="agent-env-05e71150-e8ce-4b77-a854-80030459ae3b"><testcase classname="backend.tests.test_iteration_43_pluxee_fix.TestCollaborateurKPIs" name="test_kpis_not_zero" time="17.485" /><testcase classname="backend.tests.test_iteration_43_pluxee_fix.TestCollaborateurKPIs" name="test_kpis_expected_values" time="2.703" /><testcase classname="backend.tests.test_iteration_43_pluxee_fix.TestCollaborateurUsers" name="test_users_list_not_empty" time="9.630" /><testcase classname="backend.tests.test_iteration_43_pluxee_fix.TestCollaborateurStores" name="test_stores_campaign_filter" time="3.719" /><testcase classname="backend.tests.test_iteration_43_pluxee_fix.TestCollaborateurExpirations" name="test_expirations_not_empty" time="2.872" /><testcase classname="backend.tests.test_iteration_43_pluxee_fix.TestAdminPluxeeKPIs" name="test_kpis_all_campaigns" time="37.102" /><testcase classname="backend.tests.test_iteration_43_pluxee_fix.TestAdminPluxeeKPIs" name="test_expirations_13_months" time="3.371" /><testcase classname="backend.tests.test_iteration_43_pluxee_fix.TestSuperAdminKPIs" name="test_kpis_same_as_admin_pluxee" time="5.609"><failure message="assert 404 == 200&#10; +  where 404 = &lt;Response [404]&gt;.status_code">backend/tests/test_iteration_43_pluxee_fix.py:283: in test_kpis_same_as_admin_pluxee
    assert resp.status_code == 200
E   assert 404 == 200
E    +  where 404 = &lt;Response [404]&gt;.status_code</failure></testcase><testcase classname="backend.tests.test_iteration_43_pluxee_fix.TestRBAC" name="test_collaborateur_403_on_admin_users" time="1.573" /><testcase classname="backend.tests.test_iteration_43_pluxee_fix.TestRBAC" name="test_admin_pluxee_sees_3_users" time="4.464"><failure message="AssertionError: Admin Pluxee page should contain at least 2 expected users&#10;assert 0 &gt;= 2">backend/tests/test_iteration_43_pluxee_fix.py:341: in test_admin_pluxee_sees_3_users
    assert found_count &gt;= 2, f"Admin Pluxee page should contain at least 2 expected users"
E   AssertionError: Admin Pluxee page should contain at least 2 expected users
E   assert 0 &gt;= 2</failure></testcase></testsuite></testsuites>