<?xml version="1.0" encoding="utf-8"?><testsuites name="pytest tests"><testsuite name="pytest" errors="0" failures="0" skipped="0" tests="17" time="7.438" timestamp="2026-03-31T23:10:50.955411+00:00" hostname="agent-env-05e71150-e8ce-4b77-a854-80030459ae3b"><testcase classname="backend.tests.test_iteration_27_campaign_restriction.TestPHPFileSyntax" name="test_invitation_controller_braces" time="0.000" /><testcase classname="backend.tests.test_iteration_27_campaign_restriction.TestPHPFileSyntax" name="test_substore_controller_braces" time="0.000" /><testcase classname="backend.tests.test_iteration_27_campaign_restriction.TestPHPFileSyntax" name="test_user_model_braces" time="0.000" /><testcase classname="backend.tests.test_iteration_27_campaign_restriction.TestPHPFileSyntax" name="test_substore_service_braces" time="0.000" /><testcase classname="backend.tests.test_iteration_27_campaign_restriction.TestPHPCodeStructure" name="test_user_model_has_campaign_methods" time="0.000" /><testcase classname="backend.tests.test_iteration_27_campaign_restriction.TestPHPCodeStructure" name="test_substore_controller_has_campaign_fields" time="0.000" /><testcase classname="backend.tests.test_iteration_27_campaign_restriction.TestPHPCodeStructure" name="test_invitation_controller_accepts_campaign_access" time="0.000" /><testcase classname="backend.tests.test_iteration_27_campaign_restriction.TestPHPCodeStructure" name="test_substore_service_handles_campaign_restriction" time="0.000" /><testcase classname="backend.tests.test_iteration_27_campaign_restriction.TestFastAPIRegressionEndpoints" name="test_health_endpoint" time="0.265" /><testcase classname="backend.tests.test_iteration_27_campaign_restriction.TestFastAPIRegressionEndpoints" name="test_merchant_recommendations" time="3.965" /><testcase classname="backend.tests.test_iteration_27_campaign_restriction.TestFastAPIRegressionEndpoints" name="test_intelligence_digest" time="2.050" /><testcase classname="backend.tests.test_iteration_27_campaign_restriction.TestFastAPIRegressionEndpoints" name="test_ab_test_results" time="1.002" /><testcase classname="backend.tests.test_iteration_27_campaign_restriction.TestCampaignRestrictionLogic" name="test_user_model_campaign_access_json_decode" time="0.000" /><testcase classname="backend.tests.test_iteration_27_campaign_restriction.TestCampaignRestrictionLogic" name="test_substore_controller_campaign_filter" time="0.000" /><testcase classname="backend.tests.test_iteration_27_campaign_restriction.TestCampaignRestrictionLogic" name="test_invitation_stores_campaign_access" time="0.000" /><testcase classname="backend.tests.test_iteration_27_campaign_restriction.TestBladeTemplates" name="test_invitation_create_has_campaign_checkboxes" time="0.000" /><testcase classname="backend.tests.test_iteration_27_campaign_restriction.TestBladeTemplates" name="test_dashboard_respects_campaign_restrictions" time="0.002" /></testsuite></testsuites>