<?xml version="1.0" encoding="utf-8"?><testsuites name="pytest tests"><testsuite name="pytest" errors="0" failures="0" skipped="0" tests="20" time="23.286" timestamp="2026-03-31T17:18:31.014410+00:00" hostname="agent-env-05e71150-e8ce-4b77-a854-80030459ae3b"><testcase classname="backend.tests.test_merchant_reco_v3.TestMLModelRecommendations" name="test_ml_model_source_client_118580" time="2.594" /><testcase classname="backend.tests.test_merchant_reco_v3.TestMLModelRecommendations" name="test_score_normalized_0_100_range" time="1.430" /><testcase classname="backend.tests.test_merchant_reco_v3.TestMLModelRecommendations" name="test_recommendation_structure_complete" time="1.445" /><testcase classname="backend.tests.test_merchant_reco_v3.TestMLModelRecommendations" name="test_explanation_object_structure" time="1.522" /><testcase classname="backend.tests.test_merchant_reco_v3.TestMLModelRecommendations" name="test_user_context_returned_for_ml_model" time="1.421" /><testcase classname="backend.tests.test_merchant_reco_v3.TestFallbackRecommendations" name="test_fallback_source_client_0" time="0.880" /><testcase classname="backend.tests.test_merchant_reco_v3.TestFallbackRecommendations" name="test_fallback_source_client_1" time="0.912" /><testcase classname="backend.tests.test_merchant_reco_v3.TestFallbackRecommendations" name="test_fallback_score_normalized_distributed" time="0.945" /><testcase classname="backend.tests.test_merchant_reco_v3.TestFallbackRecommendations" name="test_fallback_no_user_context" time="0.890" /><testcase classname="backend.tests.test_merchant_reco_v3.TestExcludeVisitedFilter" name="test_exclude_visited_returns_unvisited_only" time="1.280" /><testcase classname="backend.tests.test_merchant_reco_v3.TestExcludeVisitedFilter" name="test_exclude_visited_false_includes_visited" time="1.406" /><testcase classname="backend.tests.test_merchant_reco_v3.TestCategoryFilter" name="test_category_filter_returns_matching_category" time="2.178" /><testcase classname="backend.tests.test_merchant_reco_v3.TestCategoryFilter" name="test_category_filter_with_fallback" time="1.881" /><testcase classname="backend.tests.test_merchant_reco_v3.TestHealthEndpoint" name="test_health_status_ready_model_loaded" time="0.103" /><testcase classname="backend.tests.test_merchant_reco_v3.TestStatsEndpoint" name="test_stats_returns_active_merchants_profiled_users" time="1.228" /><testcase classname="backend.tests.test_merchant_reco_v3.TestRetrainEndpoint" name="test_retrain_returns_json_response" time="0.161" /><testcase classname="backend.tests.test_merchant_reco_v3.TestMultipleMLClients" name="test_client_130212_ml_model" time="1.318" /><testcase classname="backend.tests.test_merchant_reco_v3.TestMultipleMLClients" name="test_client_49949_ml_model" time="1.290" /><testcase classname="backend.tests.test_merchant_reco_v3.TestErrorHandling" name="test_missing_client_id_returns_400" time="0.158" /><testcase classname="backend.tests.test_merchant_reco_v3.TestErrorHandling" name="test_invalid_client_id_type" time="0.105" /></testsuite></testsuites>