<?xml version="1.0" encoding="utf-8"?><testsuites name="pytest tests"><testsuite name="pytest" errors="0" failures="0" skipped="0" tests="18" time="85.085" timestamp="2026-03-31T21:23:16.443699+00:00" hostname="agent-env-05e71150-e8ce-4b77-a854-80030459ae3b"><testcase classname="backend.tests.test_iteration_24.TestWidgetP2Endpoints" name="test_widget_json_client_118580" time="2.734" /><testcase classname="backend.tests.test_iteration_24.TestWidgetP2Endpoints" name="test_widget_json_with_top_k" time="1.584" /><testcase classname="backend.tests.test_iteration_24.TestWidgetP2Endpoints" name="test_widget_json_with_exclude_visited" time="2.339" /><testcase classname="backend.tests.test_iteration_24.TestWidgetP2Endpoints" name="test_widget_html_client_118580" time="1.734" /><testcase classname="backend.tests.test_iteration_24.TestWidgetP2Endpoints" name="test_widget_html_with_top_k" time="1.580" /><testcase classname="backend.tests.test_iteration_24.TestMerchantIntelligenceEndpoints" name="test_analyze_merchant_traffic" time="1.582" /><testcase classname="backend.tests.test_iteration_24.TestMerchantIntelligenceEndpoints" name="test_analyze_with_partner_id" time="2.644" /><testcase classname="backend.tests.test_iteration_24.TestMerchantIntelligenceEndpoints" name="test_digest_merchants" time="1.550" /><testcase classname="backend.tests.test_iteration_24.TestMerchantIntelligenceEndpoints" name="test_report_ai_gemini" time="27.231" /><testcase classname="backend.tests.test_iteration_24.TestMerchantIntelligenceEndpoints" name="test_report_html" time="32.217" /><testcase classname="backend.tests.test_iteration_24.TestMLRecommendationsEndpoints" name="test_post_recommendations_client_118580" time="1.899" /><testcase classname="backend.tests.test_iteration_24.TestMLRecommendationsEndpoints" name="test_explain_html_client_118580" time="1.601" /><testcase classname="backend.tests.test_iteration_24.TestMLRecommendationsEndpoints" name="test_health_check" time="0.182" /><testcase classname="backend.tests.test_iteration_24.TestMLRecommendationsEndpoints" name="test_stats" time="1.196" /><testcase classname="backend.tests.test_iteration_24.TestMLRecommendationsEndpoints" name="test_categories" time="0.877" /><testcase classname="backend.tests.test_iteration_24.TestProxyCatchAll" name="test_proxy_root_returns_503" time="0.193" /><testcase classname="backend.tests.test_iteration_24.TestProxyCatchAll" name="test_proxy_non_api_route" time="0.107" /><testcase classname="backend.tests.test_iteration_24.TestServerPyIntegrity" name="test_no_duplicate_routes" time="3.703" /></testsuite></testsuites>